2018-12-17 17:01:54.178      [Req-File]----------[/opt/mapdata/MBA_Plus/MANAGE/Model.mba]
2018-12-17 17:01:54.267      [Req-File]----------[/opt/mapdata/MBA_Plus/MANAGE/Model.mba]
2018-12-17 17:01:54.270      [Req-File]----------[/opt/mapdata/MBA_Plus/DATA/DT_Code40.mba]
2018-12-17 17:01:54.302      [Req-File]----------[/opt/mapdata/MBA_Plus/DATA/DT_Code40.mba]
2018-12-17 17:01:54.304      [Req-File]----------[/opt/mapdata/MBA_Plus/DATA/DT_Code41.mba]
2018-12-17 17:01:54.335      [Req-File]----------[/opt/mapdata/MBA_Plus/DATA/DT_Code41.mba]
2018-12-17 17:01:54.337      [Req-File]----------[/opt/mapdata/MBA_Plus/DATA/DT_Code40.mba]
2018-12-17 17:01:54.338      [Req-File]----------[/opt/mapdata/MBA_Plus/DATA/DT_Code40.mba]
2018-12-17 17:01:54.339      [Req-File]----------[/opt/mapdata/MBA_Plus/DATA/DT_Code41.mba]
2018-12-17 17:01:54.340      [Req-File]----------[/opt/mapdata/MBA_Plus/DATA/DT_Code41.mba]
2018-12-17 17:01:54.511      [Req-File]----------[/opt/mapdata/MBA_Plus/DATA/DT_Code40.mba]
2018-12-17 17:01:54.513      [Req-File]----------[/opt/mapdata/MBA_Plus/DATA/DT_Code40.mba]
2018-12-17 17:01:54.515      [Req-File]----------[/opt/mapdata/MBA_Plus/DATA/DT_Code41.mba]
2018-12-17 17:01:54.516      [Req-File]----------[/opt/mapdata/MBA_Plus/DATA/DT_Code41.mba]
2018-12-17 17:01:54.520      [Req-File]----------[/opt/mapdata/MBA_Plus/DATA/DT_Code40.mba]
2018-12-17 17:01:54.522      [Req-File]----------[/opt/mapdata/MBA_Plus/DATA/DT_Code40.mba]
2018-12-17 17:01:54.523      [Req-File]----------[/opt/mapdata/MBA_Plus/POI/Menu_Genre50.mba]
2018-12-17 17:01:54.537      [Req-File]----------[/opt/mapdata/MBA_Plus/POI/Menu_Brand50.mba]
2018-12-17 17:01:54.543      [Req-File]----------[/opt/mapdata/MBA_Plus/POI/Menu_Genre50.mba]
2018-12-17 17:01:54.546      [Req-File]----------[/opt/mapdata/MBA_Plus/POI/Menu_Brand50.mba]
2018-12-17 17:01:54.548      [Req-File]----------[/opt/mapdata/MBA_Plus/History/History.mba]
2018-12-17 17:01:54.581      [Req-File]----------[/opt/mapdata/MBA_Plus/History/History.mba]
2018-12-17 17:01:54.713      [Req-File]----------[/opt/mapdata/MBA_Plus/DATA/DT101/DT_Info.mba]
2018-12-17 17:01:54.737      [Req-File]----------[/opt/mapdata/MBA_Plus/DATA/DT101/DT_Info.mba]
2018-12-17 17:01:54.739      [Req-File]----------[/opt/mapdata/MBA_Plus/DATA/DT101/DT101RGB.mba]
2018-12-17 17:01:54.740      [Download]XXXXXXXXXX[http://10.10.87.47:8170/MBA_Plus/DATA/DT101/DT101RGB.mba]
2018-12-18 15:06:50.116      [Req-File]----------[/opt/mapdata/MBA_Plus/MANAGE/Model.mba]
2018-12-18 15:06:50.152      [Req-File]----------[/opt/mapdata/MBA_Plus/MANAGE/Model.mba]
2018-12-18 15:06:50.154      [Req-File]----------[/opt/mapdata/MBA_Plus/DATA/DT_Code40.mba]
2018-12-18 15:06:50.159      [Req-File]----------[/opt/mapdata/MBA_Plus/DATA/DT_Code40.mba]
2018-12-18 15:06:50.162      [Req-File]----------[/opt/mapdata/MBA_Plus/DATA/DT_Code41.mba]
2018-12-18 15:06:50.169      [Req-File]----------[/opt/mapdata/MBA_Plus/DATA/DT_Code41.mba]
2018-12-18 15:06:50.171      [Req-File]----------[/opt/mapdata/MBA_Plus/DATA/DT_Code40.mba]
2018-12-18 15:06:50.172      [Req-File]----------[/opt/mapdata/MBA_Plus/DATA/DT_Code40.mba]
2018-12-18 15:06:50.173      [Req-File]----------[/opt/mapdata/MBA_Plus/DATA/DT_Code41.mba]
2018-12-18 15:06:50.174      [Req-File]----------[/opt/mapdata/MBA_Plus/DATA/DT_Code41.mba]
2018-12-18 15:06:50.331      [Req-File]----------[/opt/mapdata/MBA_Plus/DATA/DT_Code40.mba]
2018-12-18 15:06:50.333      [Req-File]----------[/opt/mapdata/MBA_Plus/DATA/DT_Code40.mba]
2018-12-18 15:06:50.349      [Req-File]----------[/opt/mapdata/MBA_Plus/DATA/DT_Code41.mba]
2018-12-18 15:06:50.350      [Req-File]----------[/opt/mapdata/MBA_Plus/DATA/DT_Code41.mba]
2018-12-18 15:06:50.355      [Req-File]----------[/opt/mapdata/MBA_Plus/DATA/DT_Code40.mba]
2018-12-18 15:06:50.356      [Req-File]----------[/opt/mapdata/MBA_Plus/DATA/DT_Code40.mba]
2018-12-18 15:06:50.357      [Req-File]----------[/opt/mapdata/MBA_Plus/POI/Menu_Genre50.mba]
2018-12-18 15:06:50.359      [Req-File]----------[/opt/mapdata/MBA_Plus/POI/Menu_Brand50.mba]
2018-12-18 15:06:50.360      [Req-File]----------[/opt/mapdata/MBA_Plus/POI/Menu_Genre50.mba]
2018-12-18 15:06:50.361      [Req-File]----------[/opt/mapdata/MBA_Plus/POI/Menu_Brand50.mba]
2018-12-18 15:06:50.362      [Req-File]----------[/opt/mapdata/MBA_Plus/History/History.mba]
2018-12-18 15:06:50.363      [Req-File]----------[/opt/mapdata/MBA_Plus/History/History.mba]
2018-12-18 15:06:50.562      [Req-File]----------[/opt/mapdata/MBA_Plus/DATA/DT101/DT_Info.mba]
2018-12-18 15:06:50.620      [Download]XXXXXXXXXX[http://10.10.87.47:8170/MBA_Plus/DATA/DT101/DT_Info.mba]
2018-12-18 15:06:50.650      [Req-File]----------[/opt/mapdata/MBA_Plus/DATA/DT101/DT_Info.mba]
2018-12-18 15:06:50.652      [Req-File]----------[/opt/mapdata/MBA_Plus/DATA/DT101/DT101RGB.mba]
2018-12-18 15:06:50.653      [Download]XXXXXXXXXX[http://10.10.87.47:8170/MBA_Plus/DATA/DT101/DT101RGB.mba]
2018-12-18 15:06:50.663      [Req-File]----------[/opt/mapdata/MBA_Plus/DATA/DT101/DT101RGB.mba]
2018-12-18 15:06:50.664      [Req-File]----------[/opt/mapdata/MBA_Plus/DATA/DT102/DT_Info.mba]
2018-12-18 15:06:50.691      [Download]XXXXXXXXXX[http://10.10.87.47:8170/MBA_Plus/DATA/DT102/DT_Info.mba]
2018-12-18 15:06:50.723      [Req-File]----------[/opt/mapdata/MBA_Plus/DATA/DT102/DT_Info.mba]
2018-12-18 15:06:50.725      [Req-File]----------[/opt/mapdata/MBA_Plus/DATA/DT102/DT102RGB.mba]
2018-12-18 15:06:50.726      [Download]XXXXXXXXXX[http://10.10.87.47:8170/MBA_Plus/DATA/DT102/DT102RGB.mba]
2018-12-18 15:06:50.732      [Req-File]----------[/opt/mapdata/MBA_Plus/DATA/DT102/DT102RGB.mba]
2018-12-18 15:06:50.734      [Req-File]----------[/opt/mapdata/MBA_Plus/DATA/DT004/DT_Info.mba]
2018-12-18 15:06:50.748      [Download]XXXXXXXXXX[http://10.10.87.47:8170/MBA_Plus/DATA/DT004/DT_Info.mba]
2018-12-18 15:06:50.781      [Req-File]----------[/opt/mapdata/MBA_Plus/DATA/DT004/DT_Info.mba]
2018-12-18 15:06:50.782      [Req-File]----------[/opt/mapdata/MBA_Plus/DATA/DT004/DT004RGB.mba]
2018-12-18 15:06:50.783      [Download]XXXXXXXXXX[http://10.10.87.47:8170/MBA_Plus/DATA/DT004/DT004RGB.mba]
2018-12-18 15:06:50.787      [Req-File]----------[/opt/mapdata/MBA_Plus/DATA/DT004/DT004RGB.mba]
2018-12-18 15:06:50.895      [Req-File]----------[/opt/mapdata/MBA_Plus/MANAGE/Manage.mba]
2018-12-18 15:06:50.896      [Download]XXXXXXXXXX[http://10.10.87.47:8170/MBA_Plus/MANAGE/Manage.mba]
2018-12-18 15:06:51.396      [Req-File]----------[/opt/mapdata/MBA_Plus/MAP/Lvl_Info.mba]
2018-12-18 15:06:51.402      [Req-File]----------[/opt/mapdata/MBA_Plus/MAP/Level01/MeshInfo.mba]
2018-12-18 15:06:51.415      [Download]XXXXXXXXXX[http://10.10.87.47:8170/MBA_Plus/MAP/Level01/MeshInfo.mba]
2018-12-18 15:06:51.493      [Req-File]----------[/opt/mapdata/MBA_Plus/RC/Lvl_Info.mba]
2018-12-18 15:06:51.511      [Req-File]----------[/opt/mapdata/MBA_Plus/RC/Level01/MeshInfo.mba]
2018-12-18 15:06:51.545      [Download]XXXXXXXXXX[http://10.10.87.47:8170/MBA_Plus/RC/Level01/MeshInfo.mba]
2018-12-18 15:06:51.585      [Req-File]----------[/opt/mapdata/MBA_Plus/RC/Level01/1st5339/2nd0406/RC4211100000.mba]
2018-12-18 15:06:51.596      [Download]XXXXXXXXXX[http://10.10.87.47:8170/MBA_Plus/RC/Level01/1st5339/2nd0406/RC4211100000.mba]
2018-12-18 15:06:51.645      [Req-File]----------[/opt/mapdata/MBA_Plus/DATA/DT_Code40.mba]
2018-12-18 15:06:51.648      [Req-File]----------[/opt/mapdata/MBA_Plus/DATA/DT_Code40.mba]
2018-12-18 15:06:51.649      [Req-File]----------[/opt/mapdata/MBA_Plus/MAP/Level01/1st5339/2nd0406/RF4211100000.mba]
2018-12-18 15:06:51.663      [Download]XXXXXXXXXX[http://10.10.87.47:8170/MBA_Plus/MAP/Level01/1st5339/2nd0406/RF4211100000.mba]
2018-12-18 15:06:51.691      [Req-File]----------[/opt/mapdata/MBA_Plus/DATA/DT_Code41.mba]
2018-12-18 15:06:51.693      [Req-File]----------[/opt/mapdata/MBA_Plus/DATA/DT_Code41.mba]
2018-12-18 15:06:51.698      [Req-File]----------[/opt/mapdata/MBA_Plus/DATA/DT_Code40.mba]
2018-12-18 15:06:51.699      [Req-File]----------[/opt/mapdata/MBA_Plus/DATA/DT_Code40.mba]
2018-12-18 15:06:51.701      [Req-File]----------[/opt/mapdata/MBA_Plus/POI/Menu_Genre50.mba]
2018-12-18 15:06:51.702      [Req-File]----------[/opt/mapdata/MBA_Plus/POI/Menu_Brand50.mba]
2018-12-18 15:06:51.704      [Req-File]----------[/opt/mapdata/MBA_Plus/History/History.mba]
2018-12-18 15:06:51.706      [Req-File]----------[/opt/mapdata/MBA_Plus/RA/Lvl_Info.mba]
2018-12-18 15:06:51.708      [Req-File]----------[/opt/mapdata/MBA_Plus/RA/Level01/MeshInfo.mba]
2018-12-18 15:06:51.720      [Download]XXXXXXXXXX[http://10.10.87.47:8170/MBA_Plus/RA/Level01/MeshInfo.mba]
2018-12-18 15:06:51.749      [Req-File]----------[/opt/mapdata/MBA_Plus/RA/Level01/1st5339/2nd0406/RA4211100000.mba]
2018-12-18 15:06:51.767      [Download]XXXXXXXXXX[http://10.10.87.47:8170/MBA_Plus/RA/Level01/1st5339/2nd0406/RA4211100000.mba]
2018-12-18 15:06:51.933      [Req-File]----------[/opt/mapdata/MBA_Plus/RA/Level01/1st5339/2nd0406/RA4211200000.mba]
2018-12-18 15:06:51.935      [Download]XXXXXXXXXX[http://10.10.87.47:8170/MBA_Plus/RA/Level01/1st5339/2nd0406/RA4211200000.mba]
2018-12-18 15:06:52.033      [Req-File]----------[/opt/mapdata/MBA_Plus/DATA/DT101/DT_Info.mba]
2018-12-18 15:06:52.037      [Req-File]----------[/opt/mapdata/MBA_Plus/DATA/DT101/DT101RGB.mba]
2018-12-18 15:06:52.044      [Req-File]----------[/opt/mapdata/MBA_Plus/DATA/DT101/DT101RGB.mba]
2018-12-18 15:06:52.047      [Req-File]----------[/opt/mapdata/MBA_Plus/DATA/DT102/DT_Info.mba]
2018-12-18 15:06:52.049      [Req-File]----------[/opt/mapdata/MBA_Plus/DATA/DT102/DT102RGB.mba]
2018-12-18 15:06:52.051      [Req-File]----------[/opt/mapdata/MBA_Plus/DATA/DT102/DT102RGB.mba]
2018-12-18 15:06:52.053      [Req-File]----------[/opt/mapdata/MBA_Plus/DATA/DT004/DT_Info.mba]
2018-12-18 15:06:52.055      [Req-File]----------[/opt/mapdata/MBA_Plus/DATA/DT004/DT004RGB.mba]
2018-12-18 15:06:52.057      [Req-File]----------[/opt/mapdata/MBA_Plus/DATA/DT004/DT004RGB.mba]
2018-12-18 15:06:52.981      [Req-File]----------[/opt/mapdata/MBA_Plus/MAP/Level01/1st5339/2nd0406/MP4211100000.mba]
2018-12-18 15:06:52.983      [Download]XXXXXXXXXX[http://10.10.87.47:8170/MBA_Plus/MAP/Level01/1st5339/2nd0406/MP4211100000.mba]
2018-12-18 15:06:53.026      [Req-File]----------[/opt/mapdata/MBA_Plus/POI/ADRS_IDX/Adrs_0205.mba]
2018-12-18 15:06:53.038      [Download]XXXXXXXXXX[http://10.10.87.47:8170/MBA_Plus/POI/ADRS_IDX/Adrs_0205.mba]
2018-12-18 15:06:53.117      [Req-File]----------[/opt/mapdata/MBA_Plus/POI/ADRS_IDX/Adrs_0205.mba]
2018-12-18 15:06:53.137      [Req-File]----------[/opt/mapdata/MBA_Plus/POI/ADRS_IDX/Adrs_0205.mba]
2018-12-18 15:07:02.451      *********************ViewServiceStub::FunctionCaller, funcID=[1]


2018-12-18 15:07:02.553      *********************ViewServiceStub::FunctionCaller, funcID=[1]


2018-12-18 15:07:02.653      *********************ViewServiceStub::FunctionCaller, funcID=[2]


2018-12-18 15:07:02.755      *********************ViewServiceStub::FunctionCaller, funcID=[20]


2018-12-18 15:07:02.816      [Req-File]----------[/opt/mapdata/MBA_Plus/DATA/DT_Code40.mba]
2018-12-18 15:07:02.819      [Req-File]----------[/opt/mapdata/MBA_Plus/DATA/DT_Code40.mba]
2018-12-18 15:07:02.821      [Req-File]----------[/opt/mapdata/MBA_Plus/POI/Menu_Genre50.mba]
2018-12-18 15:07:02.823      [Req-File]----------[/opt/mapdata/MBA_Plus/POI/Menu_Brand50.mba]
2018-12-18 15:07:02.825      [Req-File]----------[/opt/mapdata/MBA_Plus/History/History.mba]
2018-12-18 15:07:03.018      [Req-File]----------[/opt/mapdata/MBA_Plus/DATA/DT101/DT_Info.mba]
2018-12-18 15:07:03.020      [Req-File]----------[/opt/mapdata/MBA_Plus/DATA/DT101/DT101RGB.mba]
2018-12-18 15:07:03.022      [Req-File]----------[/opt/mapdata/MBA_Plus/DATA/DT101/DT101RGB.mba]
2018-12-18 15:07:03.024      [Req-File]----------[/opt/mapdata/MBA_Plus/DATA/DT102/DT_Info.mba]
2018-12-18 15:07:03.025      [Req-File]----------[/opt/mapdata/MBA_Plus/DATA/DT102/DT102RGB.mba]
2018-12-18 15:07:03.027      [Req-File]----------[/opt/mapdata/MBA_Plus/DATA/DT102/DT102RGB.mba]
2018-12-18 15:07:03.029      [Req-File]----------[/opt/mapdata/MBA_Plus/DATA/DT004/DT_Info.mba]
2018-12-18 15:07:03.030      [Req-File]----------[/opt/mapdata/MBA_Plus/DATA/DT004/DT004RGB.mba]
2018-12-18 15:07:03.031      [Req-File]----------[/opt/mapdata/MBA_Plus/DATA/DT004/DT004RGB.mba]
2018-12-18 15:07:03.050      [Req-File]----------[/opt/mapdata/MBA_Plus/DATA/DT_Code40.mba]
2018-12-18 15:07:03.052      [Req-File]----------[/opt/mapdata/MBA_Plus/DATA/DT_Code40.mba]
2018-12-18 15:07:03.055      [Req-File]----------[/opt/mapdata/AppUpdateData/Public/Navi/Style.dat]
2018-12-18 15:07:03.079      [Req-File]----------[/opt/mapdata/AppUpdateData/Public/Navi/ApplicationData.bin]
2018-12-18 15:07:03.098      [Req-File]----------[/opt/mapdata/AppUpdateData/Public/Navi/ItemControl.bin]
2018-12-18 15:07:07.356      [Req-File]----------[/opt/mapdata/MBA_Plus/AM/Lvl_Info.mba]
2018-12-18 15:07:07.396      [Download]XXXXXXXXXX[http://10.10.87.47:8170/MBA_Plus/AM/Lvl_Info.mba]
2018-12-18 15:07:07.429      [Req-File]----------[/opt/mapdata/MBA_Plus/TV/Lvl_Info.mba]
2018-12-18 15:07:07.453      [Download]XXXXXXXXXX[http://10.10.87.47:8170/MBA_Plus/TV/Lvl_Info.mba]
2018-12-18 15:07:07.473      [Req-File]----------[/opt/mapdata/MBA_Plus/FM/Lvl_Info.mba]
2018-12-18 15:07:07.487      [Download]XXXXXXXXXX[http://10.10.87.47:8170/MBA_Plus/FM/Lvl_Info.mba]
2018-12-18 15:07:24.923      *********************ViewServiceStub::FunctionCaller, funcID=[47]


2018-12-18 15:07:25.154      *********************ViewServiceStub::FunctionCaller, funcID=[6]


2018-12-18 15:07:25.376      *********************ViewServiceStub::FunctionCaller, funcID=[9]


2018-12-18 15:07:25.605      *********************ViewServiceStub::FunctionCaller, funcID=[5]


2018-12-18 15:07:25.615      [Req-File]----------[/opt/mapdata/AppUpdateData/Public/Navi/Style.dat]
2018-12-18 15:07:25.618      [Req-File]----------[/opt/mapdata/AppUpdateData/Public/Navi/Style.dat]
2018-12-18 15:07:25.639      [Req-File]----------[/opt/mapdata/MBA_Plus/MAP/Level01/1st5339/2nd0406/MP4211200000.mba]
2018-12-18 15:07:25.641      [Download]XXXXXXXXXX[http://10.10.87.47:8170/MBA_Plus/MAP/Level01/1st5339/2nd0406/MP4211200000.mba]
2018-12-18 15:07:25.675      [Req-File]----------[/opt/mapdata/MBA_Plus/MAP/Level03/MeshInfo.mba]
2018-12-18 15:07:25.708      [Download]XXXXXXXXXX[http://10.10.87.47:8170/MBA_Plus/MAP/Level03/MeshInfo.mba]
2018-12-18 15:07:25.743      [Req-File]----------[/opt/mapdata/MBA_Plus/MAP/Level03/1st5339/MP4200000000.mba]
2018-12-18 15:07:25.773      [Download]XXXXXXXXXX[http://10.10.87.47:8170/MBA_Plus/MAP/Level03/1st5339/MP4200000000.mba]
2018-12-18 15:07:25.890      [Req-File]----------[/opt/mapdata/MBA_Plus/MAP/Level01/1st5339/2nd0406/RF4211200000.mba]
2018-12-18 15:07:25.892      [Download]XXXXXXXXXX[http://10.10.87.47:8170/MBA_Plus/MAP/Level01/1st5339/2nd0406/RF4211200000.mba]
2018-12-18 15:07:25.913      [Req-File]----------[/opt/mapdata/MBA_Plus/DATA/DT071/DT_Info.mba]
2018-12-18 15:07:25.931      [Download]XXXXXXXXXX[http://10.10.87.47:8170/MBA_Plus/DATA/DT071/DT_Info.mba]
2018-12-18 15:07:25.959      [Req-File]----------[/opt/mapdata/MBA_Plus/MAP/Level01/1st5339/2nd0406/RD4211200000.mba]
2018-12-18 15:07:25.962      [Download]XXXXXXXXXX[http://10.10.87.47:8170/MBA_Plus/MAP/Level01/1st5339/2nd0406/RD4211200000.mba]
2018-12-18 15:07:25.995      [Req-File]----------[/opt/mapdata/MBA_Plus/DATA/DT071/DT_Info.mba]
2018-12-18 15:07:25.997      [Req-File]----------[/opt/mapdata/MBA_Plus/DATA/DT071/DT071000.mba]
2018-12-18 15:07:25.999      [Download]XXXXXXXXXX[http://10.10.87.47:8170/MBA_Plus/DATA/DT071/DT071000.mba]
2018-12-18 15:07:26.019      [Req-File]----------[/opt/mapdata/MBA_Plus/MAP/Level01/1st5339/2nd0406/RD4211100000.mba]
2018-12-18 15:07:26.021      [Download]XXXXXXXXXX[http://10.10.87.47:8170/MBA_Plus/MAP/Level01/1st5339/2nd0406/RD4211100000.mba]
2018-12-18 15:07:26.031      [Req-File]----------[/opt/mapdata/MBA_Plus/DATA/DT071/DT071005.dat]
2018-12-18 15:07:26.034      [Download]XXXXXXXXXX[http://10.10.87.47:8170/MBA_Plus/DATA/DT071/DT071005.dat]
2018-12-18 15:07:26.122      [Req-File]----------[/opt/mapdata/MBA_Plus/DATA/DT071/DT071005.dat]
2018-12-18 15:07:26.157      [Req-File]----------[/opt/mapdata/MBA_Plus/DATA/DT071/DT071008.dat]
2018-12-18 15:07:26.159      [Download]XXXXXXXXXX[http://10.10.87.47:8170/MBA_Plus/DATA/DT071/DT071008.dat]
2018-12-18 15:07:26.208      [Req-File]----------[/opt/mapdata/MBA_Plus/DATA/DT071/DT071002.dat]
2018-12-18 15:07:26.209      [Download]XXXXXXXXXX[http://10.10.87.47:8170/MBA_Plus/DATA/DT071/DT071002.dat]
2018-12-18 15:07:26.260      [Req-File]----------[/opt/mapdata/MBA_Plus/VICS/Lvl_Info.mba]
2018-12-18 15:07:26.291      [Download]XXXXXXXXXX[http://10.10.87.47:8170/MBA_Plus/VICS/Lvl_Info.mba]
2018-12-18 15:07:26.315      [Req-File]----------[/opt/mapdata/MBA_Plus/VICS/Level01/MeshInfo.mba]
2018-12-18 15:07:26.338      [Download]XXXXXXXXXX[http://10.10.87.47:8170/MBA_Plus/VICS/Level01/MeshInfo.mba]
2018-12-18 15:07:26.365      [Req-File]----------[/opt/mapdata/MBA_Plus/VICS/Level01/MeshInfo.mba]
2018-12-18 15:07:26.374      [Req-File]----------[/opt/mapdata/MBA_Plus/VICS/Level01/1st5339/VS4210000000.mba]
2018-12-18 15:07:26.390      [Download]XXXXXXXXXX[http://10.10.87.47:8170/MBA_Plus/VICS/Level01/1st5339/VS4210000000.mba]
2018-12-18 15:07:26.422      [Req-File]----------[/opt/mapdata/MBA_Plus/VICS/Level01/1st5339/VS4210000000.mba]
2018-12-18 15:07:26.429      [Req-File]----------[/opt/mapdata/MBA_Plus/VICS/Level01/1st5339/VS4230000000.mba]
2018-12-18 15:07:26.432      [Download]XXXXXXXXXX[http://10.10.87.47:8170/MBA_Plus/VICS/Level01/1st5339/VS4230000000.mba]
2018-12-18 15:07:26.443      [Req-File]----------[/opt/mapdata/MBA_Plus/VICS/Level01/1st5339/VS4230000000.mba]
2018-12-18 15:07:26.450      [Req-File]----------[/opt/mapdata/MBA_Plus/VICS/Level01/1st5339/VS2400000000.mba]
2018-12-18 15:07:26.452      [Download]XXXXXXXXXX[http://10.10.87.47:8170/MBA_Plus/VICS/Level01/1st5339/VS2400000000.mba]
2018-12-18 15:07:26.466      [Req-File]----------[/opt/mapdata/MBA_Plus/VICS/Level01/1st5339/VS2400000000.mba]
2018-12-18 15:07:26.468      [Req-File]----------[/opt/mapdata/MBA_Plus/VICS/Level01/1st5339/VS4220000000.mba]
2018-12-18 15:07:26.472      [Download]XXXXXXXXXX[http://10.10.87.47:8170/MBA_Plus/VICS/Level01/1st5339/VS4220000000.mba]
2018-12-18 15:07:26.512      [Req-File]----------[/opt/mapdata/MBA_Plus/VICS/Level01/1st5339/VS4220000000.mba]
2018-12-18 15:07:26.517      [Req-File]----------[/opt/mapdata/MBA_Plus/VICS/Level01/1st5339/VS4120000000.mba]
2018-12-18 15:07:26.518      [Download]XXXXXXXXXX[http://10.10.87.47:8170/MBA_Plus/VICS/Level01/1st5339/VS4120000000.mba]
2018-12-18 15:07:26.534      [Req-File]----------[/opt/mapdata/MBA_Plus/VICS/Level01/1st5339/VS4120000000.mba]
2018-12-18 15:07:26.540      [Req-File]----------[/opt/mapdata/MBA_Plus/VICS/Level01/1st5339/VS4240000000.mba]
2018-12-18 15:07:26.542      [Download]XXXXXXXXXX[http://10.10.87.47:8170/MBA_Plus/VICS/Level01/1st5339/VS4240000000.mba]
2018-12-18 15:07:26.551      [Req-File]----------[/opt/mapdata/MBA_Plus/VICS/Level01/1st5339/VS4240000000.mba]
2018-12-18 15:07:26.555      [Req-File]----------[/opt/mapdata/MBA_Plus/VICS/Level01/1st5339/VS2400000000.mba]
2018-12-18 15:07:26.557      [Req-File]----------[/opt/mapdata/MBA_Plus/VICS/Level01/1st5339/VS2400000000.mba]
2018-12-18 15:07:26.560      [Req-File]----------[/opt/mapdata/MBA_Plus/VICS/Level01/1st5339/VS4140000000.mba]
2018-12-18 15:07:26.561      [Download]XXXXXXXXXX[http://10.10.87.47:8170/MBA_Plus/VICS/Level01/1st5339/VS4140000000.mba]
2018-12-18 15:07:26.571      [Req-File]----------[/opt/mapdata/MBA_Plus/VICS/Level01/1st5339/VS4140000000.mba]
2018-12-18 15:07:26.574      [Req-File]----------[/opt/mapdata/MBA_Plus/VICS/Level01/1st5339/VS2340000000.mba]
2018-12-18 15:07:26.575      [Download]XXXXXXXXXX[http://10.10.87.47:8170/MBA_Plus/VICS/Level01/1st5339/VS2340000000.mba]
2018-12-18 15:07:26.590      [Req-File]----------[/opt/mapdata/MBA_Plus/VICS/Level01/1st5339/VS2340000000.mba]
2018-12-18 15:07:28.086      [Req-File]----------[/opt/mapdata/MBA_Plus/AM/Level01/MeshInfo.mba]
2018-12-18 15:07:28.113      [Download]XXXXXXXXXX[http://10.10.87.47:8170/MBA_Plus/AM/Level01/MeshInfo.mba]
2018-12-18 15:07:28.156      *********************ViewServiceStub::FunctionCaller, funcID=[14]


2018-12-18 15:07:28.164      [Req-File]----------[/opt/mapdata/MBA_Plus/AM/Level01/1st5339/AM0000000000.mba]
2018-12-18 15:07:28.210      [Download]XXXXXXXXXX[http://10.10.87.47:8170/MBA_Plus/AM/Level01/1st5339/AM0000000000.mba]
2018-12-18 15:07:28.263      [Req-File]----------[/opt/mapdata/MBA_Plus/AM/AM_Name.mba]
2018-12-18 15:07:28.265      [Download]XXXXXXXXXX[http://10.10.87.47:8170/MBA_Plus/AM/AM_Name.mba]
2018-12-18 15:07:28.284      [Req-File]----------[/opt/mapdata/MBA_Plus/FM/Level01/MeshInfo.mba]
2018-12-18 15:07:28.332      [Download]XXXXXXXXXX[http://10.10.87.47:8170/MBA_Plus/FM/Level01/MeshInfo.mba]
2018-12-18 15:07:28.355      [Req-File]----------[/opt/mapdata/MBA_Plus/FM/Level01/1st5339/FM4200000000.mba]
2018-12-18 15:07:28.377      [Download]XXXXXXXXXX[http://10.10.87.47:8170/MBA_Plus/FM/Level01/1st5339/FM4200000000.mba]
2018-12-18 15:07:28.405      [Req-File]----------[/opt/mapdata/MBA_Plus/FM/FM_Name.mba]
2018-12-18 15:07:28.406      [Download]XXXXXXXXXX[http://10.10.87.47:8170/MBA_Plus/FM/FM_Name.mba]
2018-12-18 15:07:28.421      [Req-File]----------[/opt/mapdata/MBA_Plus/VICS_S/Lvl_Info.mba]
2018-12-18 15:07:28.448      [Download]XXXXXXXXXX[http://10.10.87.47:8170/MBA_Plus/VICS_S/Lvl_Info.mba]
2018-12-18 15:07:28.454      *********************ViewServiceStub::FunctionCaller, funcID=[39]


2018-12-18 15:07:28.471      [Req-File]----------[/opt/mapdata/MBA_Plus/FM/Vicsmesh.mba]
2018-12-18 15:07:28.472      [Download]XXXXXXXXXX[http://10.10.87.47:8170/MBA_Plus/FM/Vicsmesh.mba]
2018-12-18 15:07:28.488      [Req-File]----------[/opt/mapdata/MBA_Plus/VICS_S/Level01/MeshInfo.mba]
2018-12-18 15:07:28.536      [Download]XXXXXXXXXX[http://10.10.87.47:8170/MBA_Plus/VICS_S/Level01/MeshInfo.mba]
2018-12-18 15:07:28.569      [Req-File]----------[/opt/mapdata/MBA_Plus/VICS_S/Level01/1st5339/DB4200000000.mba]
2018-12-18 15:07:28.593      [Download]XXXXXXXXXX[http://10.10.87.47:8170/MBA_Plus/VICS_S/Level01/1st5339/DB4200000000.mba]
2018-12-18 15:07:28.641      [Req-File]----------[/opt/mapdata/MBA_Plus/VICS_S/Level01/1st5339/DB2400000000.mba]
2018-12-18 15:07:28.643      [Download]XXXXXXXXXX[http://10.10.87.47:8170/MBA_Plus/VICS_S/Level01/1st5339/DB2400000000.mba]
2018-12-18 15:07:28.659      [Req-File]----------[/opt/mapdata/MBA_Plus/VICS_S/Level01/1st5339/DB4200000000.mba]
2018-12-18 15:07:28.665      [Req-File]----------[/opt/mapdata/MBA_Plus/VICS_S/Level01/1st5339/DB4100000000.mba]
2018-12-18 15:07:28.667      [Download]XXXXXXXXXX[http://10.10.87.47:8170/MBA_Plus/VICS_S/Level01/1st5339/DB4100000000.mba]
2018-12-18 15:07:28.684      [Req-File]----------[/opt/mapdata/MBA_Plus/VICS_S/Level01/1st5339/DB4200000000.mba]
2018-12-18 15:07:28.702      [Req-File]----------[/opt/mapdata/MBA_Plus/VICS_S/Level01/1st5339/DB2300000000.mba]
2018-12-18 15:07:28.722      [Download]XXXXXXXXXX[http://10.10.87.47:8170/MBA_Plus/VICS_S/Level01/1st5339/DB2300000000.mba]
2018-12-18 15:07:28.751      [Req-File]----------[/opt/mapdata/MBA_Plus/VICS_S/Level01/1st5339/DB2400000000.mba]
2018-12-18 15:07:28.761      [Req-File]----------[/opt/mapdata/MBA_Plus/VICS_S/Level01/1st5339/DB4100000000.mba]
2018-12-18 15:07:28.765      *********************ViewServiceStub::FunctionCaller, funcID=[44]


2018-12-18 15:07:28.776      [Req-File]----------[/opt/mapdata/MBA_Plus/VICS_S/Level01/1st5339/DB4200000000.mba]
2018-12-18 15:07:28.784      [Req-File]----------[/opt/mapdata/MBA_Plus/VICS_S/Level01/1st5339/DB2400000000.mba]
2018-12-18 15:07:28.793      [Req-File]----------[/opt/mapdata/MBA_Plus/VICS_S/Level01/1st5339/DB4400000000.mba]
2018-12-18 15:07:28.795      [Download]XXXXXXXXXX[http://10.10.87.47:8170/MBA_Plus/VICS_S/Level01/1st5339/DB4400000000.mba]
2018-12-18 15:07:28.807      [Req-File]----------[/opt/mapdata/MBA_Plus/VICS_S/Level01/1st5339/DB4100000000.mba]
2018-12-18 15:07:28.814      [Req-File]----------[/opt/mapdata/MBA_Plus/VICS_S/Level01/1st5340/DB0000000000.mba]
2018-12-18 15:07:28.836      [Download]XXXXXXXXXX[http://10.10.87.47:8170/MBA_Plus/VICS_S/Level01/1st5340/DB0000000000.mba]
2018-12-18 15:07:28.881      [Req-File]----------[/opt/mapdata/MBA_Plus/VICS_S/Level01/1st5339/DB2300000000.mba]
2018-12-18 15:07:28.885      [Req-File]----------[/opt/mapdata/MBA_Plus/VICS_S/Level01/1st5339/DB2400000000.mba]
2018-12-18 15:07:28.889      [Req-File]----------[/opt/mapdata/MBA_Plus/VICS_S/Level01/1st5339/DB4300000000.mba]
2018-12-18 15:07:28.891      [Download]XXXXXXXXXX[http://10.10.87.47:8170/MBA_Plus/VICS_S/Level01/1st5339/DB4300000000.mba]
2018-12-18 15:07:28.903      [Req-File]----------[/opt/mapdata/MBA_Plus/VICS_S/Level01/1st5339/DB4400000000.mba]
2018-12-18 15:07:28.916      [Req-File]----------[/opt/mapdata/MBA_Plus/VICS_S/Level01/1st5339/DB2300000000.mba]
2018-12-18 15:07:28.920      [Req-File]----------[/opt/mapdata/MBA_Plus/VICS_S/Level01/1st5340/DB0000000000.mba]
2018-12-18 15:07:28.925      [Req-File]----------[/opt/mapdata/MBA_Plus/VICS_S/Level01/1st5339/DB4100000000.mba]
2018-12-18 15:07:28.931      [Req-File]----------[/opt/mapdata/MBA_Plus/VICS_S/Level01/1st5340/DB0000000000.mba]
2018-12-18 15:07:28.935      [Req-File]----------[/opt/mapdata/MBA_Plus/VICS_S/Level01/1st5339/DB2300000000.mba]
2018-12-18 15:07:28.939      [Req-File]----------[/opt/mapdata/MBA_Plus/VICS_S/Level01/1st5340/DB0000000000.mba]
2018-12-18 15:07:28.942      [Req-File]----------[/opt/mapdata/MBA_Plus/VICS_S/Level01/1st5339/DB4300000000.mba]
2018-12-18 15:07:28.946      [Req-File]----------[/opt/mapdata/MBA_Plus/VICS_S/Level01/1st5340/DB0000000000.mba]
2018-12-18 15:07:28.951      [Req-File]----------[/opt/mapdata/MBA_Plus/VICS/Level01/1st5339/VS2310000000.mba]
2018-12-18 15:07:28.953      [Download]XXXXXXXXXX[http://10.10.87.47:8170/MBA_Plus/VICS/Level01/1st5339/VS2310000000.mba]
2018-12-18 15:07:28.995      [Req-File]----------[/opt/mapdata/MBA_Plus/VICS/Level01/1st5339/VS2320000000.mba]
2018-12-18 15:07:28.997      [Download]XXXXXXXXXX[http://10.10.87.47:8170/MBA_Plus/VICS/Level01/1st5339/VS2320000000.mba]
2018-12-18 15:07:29.035      *********************ViewServiceStub::FunctionCaller, funcID=[66]


2018-12-18 15:07:29.083      [Req-File]----------[/opt/mapdata/MBA_Plus/FM/VS_Name.mba]
2018-12-18 15:07:29.087      [Download]XXXXXXXXXX[http://10.10.87.47:8170/MBA_Plus/FM/VS_Name.mba]
2018-12-18 15:07:29.105      [Req-File]----------[/opt/mapdata/MBA_Plus/VICS/Level01/1st5339/VS2400000000.mba]
2018-12-18 15:07:29.110      [Req-File]----------[/opt/mapdata/MBA_Plus/VICS/Level01/1st5339/VS2400000000.mba]
2018-12-18 15:07:29.113      [Req-File]----------[/opt/mapdata/MBA_Plus/VICS/Level01/1st5339/VS2330000000.mba]
2018-12-18 15:07:29.115      [Download]XXXXXXXXXX[http://10.10.87.47:8170/MBA_Plus/VICS/Level01/1st5339/VS2330000000.mba]
2018-12-18 15:07:29.129      [Req-File]----------[/opt/mapdata/MBA_Plus/VICS/Level01/1st5339/VS4110000000.mba]
2018-12-18 15:07:29.130      [Download]XXXXXXXXXX[http://10.10.87.47:8170/MBA_Plus/VICS/Level01/1st5339/VS4110000000.mba]
2018-12-18 15:07:29.141      [Req-File]----------[/opt/mapdata/MBA_Plus/VICS/Level01/1st5339/VS4130000000.mba]
2018-12-18 15:07:29.142      [Download]XXXXXXXXXX[http://10.10.87.47:8170/MBA_Plus/VICS/Level01/1st5339/VS4130000000.mba]
2018-12-18 15:07:29.200      [Req-File]----------[/opt/mapdata/MBA_Plus/VICS/Level01/1st5339/VS4300000000.mba]
2018-12-18 15:07:29.201      [Download]XXXXXXXXXX[http://10.10.87.47:8170/MBA_Plus/VICS/Level01/1st5339/VS4300000000.mba]
2018-12-18 15:07:29.218      [Req-File]----------[/opt/mapdata/MBA_Plus/VICS/Level01/1st5339/VS4300000000.mba]
2018-12-18 15:07:29.222      [Req-File]----------[/opt/mapdata/MBA_Plus/VICS/Level01/1st5339/VS4400000000.mba]
2018-12-18 15:07:29.224      [Download]XXXXXXXXXX[http://10.10.87.47:8170/MBA_Plus/VICS/Level01/1st5339/VS4400000000.mba]
2018-12-18 15:07:29.237      [Req-File]----------[/opt/mapdata/MBA_Plus/VICS/Level01/1st5339/VS4400000000.mba]
2018-12-18 15:07:29.242      [Req-File]----------[/opt/mapdata/MBA_Plus/VICS/Level01/1st5340/VS1000000000.mba]
2018-12-18 15:07:29.272      [Download]XXXXXXXXXX[http://10.10.87.47:8170/MBA_Plus/VICS/Level01/1st5340/VS1000000000.mba]
2018-12-18 15:07:29.288      *********************ViewServiceStub::FunctionCaller, funcID=[18]


2018-12-18 15:07:29.328      [Req-File]----------[/opt/mapdata/MBA_Plus/VICS/Level01/1st5340/VS1000000000.mba]
2018-12-18 15:07:29.334      [Req-File]----------[/opt/mapdata/MBA_Plus/VICS/Level01/1st5340/VS3000000000.mba]
2018-12-18 15:07:29.336      [Download]XXXXXXXXXX[http://10.10.87.47:8170/MBA_Plus/VICS/Level01/1st5340/VS3000000000.mba]
2018-12-18 15:07:29.362      [Req-File]----------[/opt/mapdata/MBA_Plus/VICS/Level01/1st5340/VS3000000000.mba]
2018-12-18 15:07:29.367      [Req-File]----------[/opt/mapdata/MBA_Plus/VICS/Level01/1st5340/VS3000000000.mba]
2018-12-18 15:07:29.900      [Req-File]----------[/opt/mapdata/MBA_Plus/DATA/DT101/DT_Info.mba]
2018-12-18 15:07:29.905      [Req-File]----------[/opt/mapdata/MBA_Plus/DATA/DT101/DT101000.dat]
2018-12-18 15:07:29.908      [Download]XXXXXXXXXX[http://10.10.87.47:8170/MBA_Plus/DATA/DT101/DT101000.dat]
2018-12-18 15:07:29.945      [Req-File]----------[/opt/mapdata/MBA_Plus/DATA/DT101/DT101000.dat]
2018-12-18 15:07:29.948      [Req-File]----------[/opt/mapdata/MBA_Plus/DATA/DT101/DT101000.dat]
2018-12-18 15:07:29.952      [Req-File]----------[/opt/mapdata/MBA_Plus/DATA/DT101/DT101000.dat]
2018-12-18 15:07:29.956      [Req-File]----------[/opt/mapdata/MBA_Plus/DATA/DT101/DT101000.dat]
2018-12-18 15:07:29.960      [Req-File]----------[/opt/mapdata/MBA_Plus/DATA/DT101/DT101000.dat]
2018-12-18 15:07:29.963      [Req-File]----------[/opt/mapdata/MBA_Plus/DATA/DT101/DT101000.dat]
2018-12-18 15:07:29.965      [Req-File]----------[/opt/mapdata/MBA_Plus/DATA/DT101/DT101000.dat]
2018-12-18 15:07:29.969      [Req-File]----------[/opt/mapdata/MBA_Plus/DATA/DT101/DT101000.dat]
2018-12-18 15:07:29.972      [Req-File]----------[/opt/mapdata/MBA_Plus/DATA/DT101/DT101000.dat]
2018-12-18 15:07:29.975      [Req-File]----------[/opt/mapdata/MBA_Plus/DATA/DT101/DT101000.dat]
2018-12-18 15:07:29.978      [Req-File]----------[/opt/mapdata/MBA_Plus/DATA/DT101/DT101000.dat]
2018-12-18 15:07:29.983      [Req-File]----------[/opt/mapdata/MBA_Plus/DATA/DT101/DT101000.dat]
2018-12-18 15:07:29.986      [Req-File]----------[/opt/mapdata/MBA_Plus/DATA/DT101/DT101000.dat]
2018-12-18 15:07:29.989      [Req-File]----------[/opt/mapdata/MBA_Plus/DATA/DT101/DT101000.dat]
2018-12-18 15:07:29.992      [Req-File]----------[/opt/mapdata/MBA_Plus/DATA/DT101/DT101000.dat]
2018-12-18 15:07:29.996      [Req-File]----------[/opt/mapdata/MBA_Plus/DATA/DT101/DT101000.dat]
2018-12-18 15:07:30.007      [Req-File]----------[/opt/mapdata/MBA_Plus/DATA/DT101/DT101000.dat]
2018-12-18 15:07:30.012      [Req-File]----------[/opt/mapdata/MBA_Plus/DATA/DT101/DT101000.dat]
2018-12-18 15:07:30.017      [Req-File]----------[/opt/mapdata/MBA_Plus/DATA/DT101/DT101000.dat]
2018-12-18 15:07:30.022      [Req-File]----------[/opt/mapdata/MBA_Plus/DATA/DT101/DT101000.dat]
2018-12-18 15:07:30.025      [Req-File]----------[/opt/mapdata/MBA_Plus/DATA/DT101/DT101000.dat]
2018-12-18 15:07:30.029      [Req-File]----------[/opt/mapdata/MBA_Plus/DATA/DT101/DT101000.dat]
2018-12-18 15:07:30.032      [Req-File]----------[/opt/mapdata/MBA_Plus/DATA/DT101/DT101000.dat]
2018-12-18 15:07:30.035      [Req-File]----------[/opt/mapdata/MBA_Plus/DATA/DT101/DT101000.dat]
2018-12-18 15:07:30.038      [Req-File]----------[/opt/mapdata/MBA_Plus/DATA/DT101/DT101000.dat]
2018-12-18 15:07:30.277      [Req-File]----------[/opt/mapdata/MBA_Plus/DATA/DT004/DT_Info.mba]
2018-12-18 15:07:30.279      [Req-File]----------[/opt/mapdata/MBA_Plus/DATA/DT004/DT004001.dat]
2018-12-18 15:07:30.280      [Download]XXXXXXXXXX[http://10.10.87.47:8170/MBA_Plus/DATA/DT004/DT004001.dat]
2018-12-18 15:07:30.327      [Req-File]----------[/opt/mapdata/MBA_Plus/DATA/DT004/DT004000.dat]
2018-12-18 15:07:30.328      [Download]XXXXXXXXXX[http://10.10.87.47:8170/MBA_Plus/DATA/DT004/DT004000.dat]
2018-12-18 15:07:30.386      [Req-File]----------[/opt/mapdata/MBA_Plus/DATA/DT004/DT004000.dat]
2018-12-18 15:07:30.388      [Req-File]----------[/opt/mapdata/MBA_Plus/DATA/DT004/DT004000.dat]
2018-12-18 15:07:30.392      [Req-File]----------[/opt/mapdata/MBA_Plus/DATA/DT004/DT004000.dat]
2018-12-18 15:07:30.403      [Req-File]----------[/opt/mapdata/MBA_Plus/DATA/DT004/DT004000.dat]
2018-12-18 15:07:30.406      [Req-File]----------[/opt/mapdata/MBA_Plus/DATA/DT004/DT004000.dat]
2018-12-18 15:07:30.409      [Req-File]----------[/opt/mapdata/MBA_Plus/DATA/DT004/DT004000.dat]
2018-12-18 15:07:30.412      [Req-File]----------[/opt/mapdata/MBA_Plus/DATA/DT004/DT004000.dat]
2018-12-18 15:07:30.415      [Req-File]----------[/opt/mapdata/MBA_Plus/DATA/DT004/DT004000.dat]
2018-12-18 15:07:30.418      [Req-File]----------[/opt/mapdata/MBA_Plus/DATA/DT004/DT004000.dat]
2018-12-18 15:07:30.433      [Req-File]----------[/opt/mapdata/MBA_Plus/DATA/DT004/DT004001.dat]
2018-12-18 15:07:30.436      [Req-File]----------[/opt/mapdata/MBA_Plus/DATA/DT004/DT004001.dat]
2018-12-18 15:07:30.440      [Req-File]----------[/opt/mapdata/MBA_Plus/DATA/DT004/DT004001.dat]
2018-12-18 15:07:30.447      [Req-File]----------[/opt/mapdata/MBA_Plus/DATA/DT004/DT004000.dat]
2018-12-18 15:07:30.450      [Req-File]----------[/opt/mapdata/MBA_Plus/DATA/DT004/DT004000.dat]
2018-12-18 15:07:30.453      [Req-File]----------[/opt/mapdata/MBA_Plus/DATA/DT004/DT004000.dat]
2018-12-18 15:07:30.456      [Req-File]----------[/opt/mapdata/MBA_Plus/DATA/DT004/DT004000.dat]
2018-12-18 15:07:30.459      [Req-File]----------[/opt/mapdata/MBA_Plus/DATA/DT004/DT004000.dat]
2018-12-18 15:07:42.101      [Req-File]----------[/opt/mapdata/MBA_Plus/MAP/Level04/MeshInfo.mba]
2018-12-18 15:07:42.127      [Download]XXXXXXXXXX[http://10.10.87.47:8170/MBA_Plus/MAP/Level04/MeshInfo.mba]
2018-12-18 15:07:42.159      [Req-File]----------[/opt/mapdata/MBA_Plus/MAP/Level04/MP1000000000.mba]
2018-12-18 15:07:42.160      [Download]XXXXXXXXXX[http://10.10.87.47:8170/MBA_Plus/MAP/Level04/MP1000000000.mba]
2018-12-18 15:07:42.207      [Req-File]----------[/opt/mapdata/MBA_Plus/MAP/Level04/RF1000000000.mba]
2018-12-18 15:07:42.208      [Download]XXXXXXXXXX[http://10.10.87.47:8170/MBA_Plus/MAP/Level04/RF1000000000.mba]
2018-12-18 15:07:42.251      [Req-File]----------[/opt/mapdata/MBA_Plus/MAP/Level04/RD1000000000.mba]
2018-12-18 15:07:42.252      [Download]XXXXXXXXXX[http://10.10.87.47:8170/MBA_Plus/MAP/Level04/RD1000000000.mba]
2018-12-18 15:07:42.291      [Req-File]----------[/opt/mapdata/MBA_Plus/MAP/Level04/MP1000000000.mba]
2018-12-18 15:07:42.411      [Req-File]----------[/opt/mapdata/MBA_Plus/MAP/Level04/MP1000000000.mba]
2018-12-18 15:07:42.669      [Req-File]----------[/opt/mapdata/MBA_Plus/MAP/Level04/MP1000000000.mba]
2018-12-18 15:07:42.672      [Req-File]----------[/opt/mapdata/MBA_Plus/MAP/Level04/MP1000000000.mba]
2018-12-18 15:07:42.707      [Req-File]----------[/opt/mapdata/MBA_Plus/MAP/Level04/RF1000000000.mba]
2018-12-18 15:07:42.718      [Req-File]----------[/opt/mapdata/MBA_Plus/MAP/Level04/RD1000000000.mba]
2018-12-18 15:07:42.722      [Req-File]----------[/opt/mapdata/MBA_Plus/MAP/Level04/MP1000000000.mba]
2018-12-18 15:07:42.932      [Req-File]----------[/opt/mapdata/MBA_Plus/MAP/Level04/MP1000000000.mba]
2018-12-18 15:07:43.146      [Req-File]----------[/opt/mapdata/MBA_Plus/MAP/Level04/MP1000000000.mba]
2018-12-18 15:07:43.154      [Req-File]----------[/opt/mapdata/MBA_Plus/MAP/Level04/MP1000000000.mba]
2018-12-18 15:07:43.371      [Req-File]----------[/opt/mapdata/MBA_Plus/MAP/Level04/MP1000000000.mba]
2018-12-18 15:07:43.377      [Req-File]----------[/opt/mapdata/MBA_Plus/MAP/Level04/MP1000000000.mba]
2018-12-18 15:07:43.379      [Req-File]----------[/opt/mapdata/MBA_Plus/MAP/Level04/MP1000000000.mba]
2018-12-18 15:07:43.382      [Req-File]----------[/opt/mapdata/MBA_Plus/MAP/Level04/MP1000000000.mba]
2018-12-18 15:07:43.385      [Req-File]----------[/opt/mapdata/MBA_Plus/MAP/Level04/MP1000000000.mba]
2018-12-18 15:07:43.403      [Req-File]----------[/opt/mapdata/MBA_Plus/MAP/Level04/RF1000000000.mba]
2018-12-18 15:07:43.408      [Req-File]----------[/opt/mapdata/MBA_Plus/MAP/Level04/RD1000000000.mba]
2018-12-18 15:07:43.412      [Req-File]----------[/opt/mapdata/MBA_Plus/MAP/Level04/RF1000000000.mba]
2018-12-18 15:07:43.427      [Req-File]----------[/opt/mapdata/MBA_Plus/MAP/Level04/RD1000000000.mba]
2018-12-18 15:07:43.429      [Req-File]----------[/opt/mapdata/MBA_Plus/MAP/Level04/MP1000000000.mba]
2018-12-18 15:07:43.431      [Req-File]----------[/opt/mapdata/MBA_Plus/MAP/Level04/MP1000000000.mba]
2018-12-18 15:07:43.616      [Req-File]----------[/opt/mapdata/MBA_Plus/MAP/Level04/MP1000000000.mba]
2018-12-18 15:07:43.918      [Req-File]----------[/opt/mapdata/MBA_Plus/MAP/Level04/MP1000000000.mba]
2018-12-18 15:07:43.920      [Req-File]----------[/opt/mapdata/MBA_Plus/MAP/Level04/MP1000000000.mba]
2018-12-18 15:07:43.922      [Req-File]----------[/opt/mapdata/MBA_Plus/MAP/Level04/MP1000000000.mba]
2018-12-18 15:07:43.924      [Req-File]----------[/opt/mapdata/MBA_Plus/MAP/Level04/MP1000000000.mba]
2018-12-18 15:07:44.168      [Req-File]----------[/opt/mapdata/MBA_Plus/MAP/Level04/MP1000000000.mba]
2018-12-18 15:07:44.455      [Req-File]----------[/opt/mapdata/MBA_Plus/MAP/Level04/MP1000000000.mba]
2018-12-18 15:07:44.471      [Req-File]----------[/opt/mapdata/MBA_Plus/MAP/Level04/MP1000000000.mba]
2018-12-18 15:07:44.478      [Req-File]----------[/opt/mapdata/MBA_Plus/MAP/Level04/MP1000000000.mba]
2018-12-18 15:07:44.481      [Req-File]----------[/opt/mapdata/MBA_Plus/MAP/Level04/MP1000000000.mba]
2018-12-18 15:07:44.488      [Req-File]----------[/opt/mapdata/MBA_Plus/MAP/Level04/MP1000000000.mba]
2018-12-18 15:07:44.495      [Req-File]----------[/opt/mapdata/MBA_Plus/MAP/Level04/MP1000000000.mba]
2018-12-18 15:07:44.515      [Req-File]----------[/opt/mapdata/MBA_Plus/MAP/Level04/RF1000000000.mba]
2018-12-18 15:07:44.522      [Req-File]----------[/opt/mapdata/MBA_Plus/MAP/Level04/RD1000000000.mba]
2018-12-18 15:07:44.527      [Req-File]----------[/opt/mapdata/MBA_Plus/MAP/Level04/RF1000000000.mba]
2018-12-18 15:07:44.532      [Req-File]----------[/opt/mapdata/MBA_Plus/MAP/Level04/RD1000000000.mba]
2018-12-18 15:07:44.534      [Req-File]----------[/opt/mapdata/MBA_Plus/MAP/Level04/MP1000000000.mba]
2018-12-18 15:07:44.543      [Req-File]----------[/opt/mapdata/MBA_Plus/MAP/Level04/MP1000000000.mba]
2018-12-18 15:07:44.738      [Req-File]----------[/opt/mapdata/MBA_Plus/MAP/Level04/MP1000000000.mba]
2018-12-18 15:07:44.852      [Req-File]----------[/opt/mapdata/MBA_Plus/MAP/Level05/MeshInfo.mba]
2018-12-18 15:07:44.893      [Download]XXXXXXXXXX[http://10.10.87.47:8170/MBA_Plus/MAP/Level05/MeshInfo.mba]
2018-12-18 15:07:44.901      [Req-File]----------[/opt/mapdata/MBA_Plus/MAP/Level05/MP1000000000.mba]
2018-12-18 15:07:44.903      [Download]XXXXXXXXXX[http://10.10.87.47:8170/MBA_Plus/MAP/Level05/MP1000000000.mba]
2018-12-18 15:07:44.920      [Req-File]----------[/opt/mapdata/MBA_Plus/MAP/Level05/RF1000000000.mba]
2018-12-18 15:07:44.923      [Download]XXXXXXXXXX[http://10.10.87.47:8170/MBA_Plus/MAP/Level05/RF1000000000.mba]
2018-12-18 15:07:44.963      [Req-File]----------[/opt/mapdata/MBA_Plus/MAP/Level05/RD1000000000.mba]
2018-12-18 15:07:44.965      [Download]XXXXXXXXXX[http://10.10.87.47:8170/MBA_Plus/MAP/Level05/RD1000000000.mba]
2018-12-18 15:07:45.018      [Req-File]----------[/opt/mapdata/MBA_Plus/MAP/Level05/MP1000000000.mba]
2018-12-18 15:07:45.246      [Req-File]----------[/opt/mapdata/MBA_Plus/MAP/Level05/MP1000000000.mba]
2018-12-18 15:07:45.553      [Req-File]----------[/opt/mapdata/MBA_Plus/MAP/Level05/MP1000000000.mba]
2018-12-18 15:07:45.562      [Req-File]----------[/opt/mapdata/MBA_Plus/MAP/Level05/MP1000000000.mba]
2018-12-18 15:07:45.590      [Req-File]----------[/opt/mapdata/MBA_Plus/MAP/Level05/RF1000000000.mba]
2018-12-18 15:07:45.596      [Req-File]----------[/opt/mapdata/MBA_Plus/MAP/Level05/RD1000000000.mba]
2018-12-18 15:07:45.599      [Req-File]----------[/opt/mapdata/MBA_Plus/MAP/Level05/MP1000000000.mba]
2018-12-18 15:07:45.845      [Req-File]----------[/opt/mapdata/MBA_Plus/MAP/Level05/MP1000000000.mba]
2018-12-18 15:07:46.434      [Req-File]----------[/opt/mapdata/MBA_Plus/MAP/Level05/MP1000000000.mba]
2018-12-18 15:07:46.439      [Req-File]----------[/opt/mapdata/MBA_Plus/MAP/Level05/MP1000000000.mba]
2018-12-18 15:07:46.441      [Req-File]----------[/opt/mapdata/MBA_Plus/MAP/Level05/MP1000000000.mba]
2018-12-18 15:07:46.444      [Req-File]----------[/opt/mapdata/MBA_Plus/MAP/Level05/MP1000000000.mba]
2018-12-18 15:07:46.446      [Req-File]----------[/opt/mapdata/MBA_Plus/MAP/Level05/MP1000000000.mba]
2018-12-18 15:07:46.449      [Req-File]----------[/opt/mapdata/MBA_Plus/MAP/Level05/MP1000000000.mba]
2018-12-18 15:07:46.473      [Req-File]----------[/opt/mapdata/MBA_Plus/MAP/Level05/RF1000000000.mba]
2018-12-18 15:07:46.480      [Req-File]----------[/opt/mapdata/MBA_Plus/MAP/Level05/RD1000000000.mba]
2018-12-18 15:07:46.483      [Req-File]----------[/opt/mapdata/MBA_Plus/MAP/Level05/RF1000000000.mba]
2018-12-18 15:07:46.485      [Req-File]----------[/opt/mapdata/MBA_Plus/MAP/Level05/RD1000000000.mba]
2018-12-18 15:07:46.488      [Req-File]----------[/opt/mapdata/MBA_Plus/MAP/Level05/RF1000000000.mba]
2018-12-18 15:07:46.491      [Req-File]----------[/opt/mapdata/MBA_Plus/MAP/Level05/RD1000000000.mba]
2018-12-18 15:07:46.494      [Req-File]----------[/opt/mapdata/MBA_Plus/MAP/Level05/RF1000000000.mba]
2018-12-18 15:07:46.498      [Req-File]----------[/opt/mapdata/MBA_Plus/MAP/Level05/RD1000000000.mba]
2018-12-18 15:07:46.499      [Req-File]----------[/opt/mapdata/MBA_Plus/MAP/Level05/MP1000000000.mba]
2018-12-18 15:07:46.502      [Req-File]----------[/opt/mapdata/MBA_Plus/MAP/Level05/MP1000000000.mba]
2018-12-18 15:07:46.505      [Req-File]----------[/opt/mapdata/MBA_Plus/MAP/Level05/MP1000000000.mba]
2018-12-18 15:07:46.509      [Req-File]----------[/opt/mapdata/MBA_Plus/MAP/Level05/MP1000000000.mba]
2018-12-18 15:07:46.819      [Req-File]----------[/opt/mapdata/MBA_Plus/MAP/Level05/MP1000000000.mba]
2018-12-18 15:07:46.979      [Req-File]----------[/opt/mapdata/MBA_Plus/MAP/Level06/MeshInfo.mba]
2018-12-18 15:07:47.002      [Download]XXXXXXXXXX[http://10.10.87.47:8170/MBA_Plus/MAP/Level06/MeshInfo.mba]
2018-12-18 15:07:47.022      [Req-File]----------[/opt/mapdata/MBA_Plus/MAP/Level06/MP1000000000.mba]
2018-12-18 15:07:47.023      [Download]XXXXXXXXXX[http://10.10.87.47:8170/MBA_Plus/MAP/Level06/MP1000000000.mba]
2018-12-18 15:07:47.036      [Req-File]----------[/opt/mapdata/MBA_Plus/MAP/Level06/RF1000000000.mba]
2018-12-18 15:07:47.037      [Download]XXXXXXXXXX[http://10.10.87.47:8170/MBA_Plus/MAP/Level06/RF1000000000.mba]
2018-12-18 15:07:47.050      [Req-File]----------[/opt/mapdata/MBA_Plus/MAP/Level06/RD1000000000.mba]
2018-12-18 15:07:47.052      [Download]XXXXXXXXXX[http://10.10.87.47:8170/MBA_Plus/MAP/Level06/RD1000000000.mba]
2018-12-18 15:07:58.132      *********************ViewServiceStub::FunctionCaller, funcID=[6]


2018-12-18 15:07:58.367      *********************ViewServiceStub::FunctionCaller, funcID=[40]


2018-12-18 15:07:58.603      *********************ViewServiceStub::FunctionCaller, funcID=[6]


2018-12-18 15:07:58.860      *********************ViewServiceStub::FunctionCaller, funcID=[40]


2018-12-18 15:07:59.198      *********************ViewServiceStub::FunctionCaller, funcID=[40]


2018-12-18 15:07:59.450      *********************ViewServiceStub::FunctionCaller, funcID=[6]


2018-12-18 15:07:59.701      *********************ViewServiceStub::FunctionCaller, funcID=[40]


2018-12-18 15:07:59.956      *********************ViewServiceStub::FunctionCaller, funcID=[6]


2018-12-18 15:08:00.196      *********************ViewServiceStub::FunctionCaller, funcID=[40]


2018-12-18 15:08:00.437      *********************ViewServiceStub::FunctionCaller, funcID=[40]


2018-12-18 15:08:03.374      *********************ViewServiceStub::FunctionCaller, funcID=[6]


2018-12-18 15:08:03.626      *********************ViewServiceStub::FunctionCaller, funcID=[40]


2018-12-18 15:08:03.871      *********************ViewServiceStub::FunctionCaller, funcID=[9]


2018-12-18 15:08:04.392      *********************ViewServiceStub::FunctionCaller, funcID=[5]


2018-12-18 15:08:23.397      *********************ViewServiceStub::FunctionCaller, funcID=[11]


2018-12-18 15:08:23.413      [Req-File]----------[/opt/mapdata/MBA_Plus/MAP/Level01/1st5339/2nd0406/MP4211300000.mba]
2018-12-18 15:08:23.417      [Download]XXXXXXXXXX[http://10.10.87.47:8170/MBA_Plus/MAP/Level01/1st5339/2nd0406/MP4211300000.mba]
2018-12-18 15:08:23.477      [Req-File]----------[/opt/mapdata/MBA_Plus/MAP/Level01/1st5339/2nd0406/MP4211400000.mba]
2018-12-18 15:08:23.479      [Download]XXXXXXXXXX[http://10.10.87.47:8170/MBA_Plus/MAP/Level01/1st5339/2nd0406/MP4211400000.mba]
2018-12-18 15:08:23.590      [Req-File]----------[/opt/mapdata/MBA_Plus/MAP/Level01/1st5339/2nd0406/RF4211400000.mba]
2018-12-18 15:08:23.593      [Download]XXXXXXXXXX[http://10.10.87.47:8170/MBA_Plus/MAP/Level01/1st5339/2nd0406/RF4211400000.mba]
2018-12-18 15:08:23.606      [Req-File]----------[/opt/mapdata/MBA_Plus/DATA/DT071/DT071008.dat]
2018-12-18 15:08:23.623      [Req-File]----------[/opt/mapdata/MBA_Plus/MAP/Level01/1st5339/2nd0406/RD4211400000.mba]
2018-12-18 15:08:23.626      [Download]XXXXXXXXXX[http://10.10.87.47:8170/MBA_Plus/MAP/Level01/1st5339/2nd0406/RD4211400000.mba]
2018-12-18 15:08:23.637      [Req-File]----------[/opt/mapdata/MBA_Plus/DATA/DT071/DT071012.dat]
2018-12-18 15:08:23.639      [Download]XXXXXXXXXX[http://10.10.87.47:8170/MBA_Plus/DATA/DT071/DT071012.dat]
2018-12-18 15:08:23.686      [Req-File]----------[/opt/mapdata/MBA_Plus/MAP/Level01/1st5339/2nd0406/RF4211300000.mba]
2018-12-18 15:08:23.689      [Download]XXXXXXXXXX[http://10.10.87.47:8170/MBA_Plus/MAP/Level01/1st5339/2nd0406/RF4211300000.mba]
2018-12-18 15:08:23.723      [Req-File]----------[/opt/mapdata/MBA_Plus/DATA/DT071/DT071008.dat]
2018-12-18 15:08:23.724      [Req-File]----------[/opt/mapdata/MBA_Plus/MAP/Level01/1st5339/2nd0406/RD4211300000.mba]
2018-12-18 15:08:23.727      [Download]XXXXXXXXXX[http://10.10.87.47:8170/MBA_Plus/MAP/Level01/1st5339/2nd0406/RD4211300000.mba]
2018-12-18 15:08:23.752      [Req-File]----------[/opt/mapdata/MBA_Plus/DATA/DT071/DT071001.dat]
2018-12-18 15:08:23.753      [Download]XXXXXXXXXX[http://10.10.87.47:8170/MBA_Plus/DATA/DT071/DT071001.dat]
2018-12-18 15:08:23.792      [Req-File]----------[/opt/mapdata/MBA_Plus/DATA/DT071/DT071000.dat]
2018-12-18 15:08:23.793      [Download]XXXXXXXXXX[http://10.10.87.47:8170/MBA_Plus/DATA/DT071/DT071000.dat]
2018-12-18 15:08:23.847      [Req-File]----------[/opt/mapdata/MBA_Plus/DATA/DT071/DT071000.dat]
2018-12-18 15:08:24.183      *********************ViewServiceStub::FunctionCaller, funcID=[11]


2018-12-18 15:08:24.400      *********************ViewServiceStub::FunctionCaller, funcID=[11]


2018-12-18 15:08:26.055      *********************ViewServiceStub::FunctionCaller, funcID=[11]


2018-12-18 15:08:26.371      *********************ViewServiceStub::FunctionCaller, funcID=[11]


2018-12-18 15:08:26.499      *********************ViewServiceStub::FunctionCaller, funcID=[11]


2018-12-18 15:08:26.524      [Req-File]----------[/opt/mapdata/MBA_Plus/DATA/DT101/DT101000.dat]
2018-12-18 15:08:26.528      [Req-File]----------[/opt/mapdata/MBA_Plus/DATA/DT101/DT101000.dat]
2018-12-18 15:08:26.531      [Req-File]----------[/opt/mapdata/MBA_Plus/DATA/DT101/DT101000.dat]
2018-12-18 15:08:26.534      [Req-File]----------[/opt/mapdata/MBA_Plus/DATA/DT101/DT101000.dat]
2018-12-18 15:08:26.576      [Req-File]----------[/opt/mapdata/MBA_Plus/DATA/DT101/DT101000.dat]
2018-12-18 15:08:26.580      [Req-File]----------[/opt/mapdata/MBA_Plus/DATA/DT101/DT101000.dat]
2018-12-18 15:08:26.583      [Req-File]----------[/opt/mapdata/MBA_Plus/DATA/DT101/DT101000.dat]
2018-12-18 15:08:26.585      [Req-File]----------[/opt/mapdata/MBA_Plus/DATA/DT101/DT101000.dat]
2018-12-18 15:08:26.589      [Req-File]----------[/opt/mapdata/MBA_Plus/DATA/DT004/DT004001.dat]
2018-12-18 15:08:26.592      [Req-File]----------[/opt/mapdata/MBA_Plus/DATA/DT004/DT004001.dat]
2018-12-18 15:08:26.596      [Req-File]----------[/opt/mapdata/MBA_Plus/DATA/DT004/DT004001.dat]
2018-12-18 15:08:26.691      *********************ViewServiceStub::FunctionCaller, funcID=[23]


2018-12-18 15:08:27.995      *********************ViewServiceStub::FunctionCaller, funcID=[24]


2018-12-18 15:08:28.470      *********************ViewServiceStub::FunctionCaller, funcID=[24]


2018-12-18 15:08:28.776      *********************ViewServiceStub::FunctionCaller, funcID=[24]


2018-12-18 15:08:29.242      *********************ViewServiceStub::FunctionCaller, funcID=[24]


2018-12-18 15:08:29.664      *********************ViewServiceStub::FunctionCaller, funcID=[11]


2018-12-18 15:08:31.159      *********************ViewServiceStub::FunctionCaller, funcID=[11]


2018-12-18 15:08:31.401      *********************ViewServiceStub::FunctionCaller, funcID=[11]


2018-12-18 15:08:31.697      *********************ViewServiceStub::FunctionCaller, funcID=[11]


2018-12-18 15:08:31.850      *********************ViewServiceStub::FunctionCaller, funcID=[23]


2018-12-18 15:08:33.156      *********************ViewServiceStub::FunctionCaller, funcID=[24]


2018-12-18 15:08:33.407      *********************ViewServiceStub::FunctionCaller, funcID=[24]


2018-12-18 15:08:33.796      *********************ViewServiceStub::FunctionCaller, funcID=[24]


2018-12-18 15:08:34.121      *********************ViewServiceStub::FunctionCaller, funcID=[24]


2018-12-18 15:08:34.273      *********************ViewServiceStub::FunctionCaller, funcID=[11]


2018-12-18 15:08:35.818      *********************ViewServiceStub::FunctionCaller, funcID=[11]


2018-12-18 15:08:36.127      *********************ViewServiceStub::FunctionCaller, funcID=[23]


2018-12-18 15:08:36.601      *********************ViewServiceStub::FunctionCaller, funcID=[24]


2018-12-18 15:08:37.271      *********************ViewServiceStub::FunctionCaller, funcID=[24]


2018-12-18 15:08:37.444      *********************ViewServiceStub::FunctionCaller, funcID=[24]


2018-12-18 15:08:37.703      *********************ViewServiceStub::FunctionCaller, funcID=[24]


2018-12-18 15:08:38.491      *********************ViewServiceStub::FunctionCaller, funcID=[11]


2018-12-18 15:08:40.314      *********************ViewServiceStub::FunctionCaller, funcID=[11]


2018-12-18 15:08:40.485      *********************ViewServiceStub::FunctionCaller, funcID=[23]


2018-12-18 15:08:40.486      [Req-File]----------[/opt/mapdata/MBA_Plus/POI/DATA/Lvl_Info.mba]
2018-12-18 15:08:40.591      [Download]XXXXXXXXXX[http://10.10.87.47:8170/MBA_Plus/POI/DATA/Lvl_Info.mba]
2018-12-18 15:08:40.623      [Req-File]----------[/opt/mapdata/MBA_Plus/POI/DATA/Level01/MeshInfo.mba]
2018-12-18 15:08:40.659      [Download]XXXXXXXXXX[http://10.10.87.47:8170/MBA_Plus/POI/DATA/Level01/MeshInfo.mba]
2018-12-18 15:08:40.701      [Req-File]----------[/opt/mapdata/MBA_Plus/POI/DATA/Level01/1st5339/2nd0406/PD4211320000/PD4211324400.mba]
2018-12-18 15:08:40.736      [Download]XXXXXXXXXX[http://10.10.87.47:8170/MBA_Plus/POI/DATA/Level01/1st5339/2nd0406/PD4211320000/PD4211324400.mba]
2018-12-18 15:08:41.261      *********************ViewServiceStub::FunctionCaller, funcID=[24]


2018-12-18 15:08:41.745      *********************ViewServiceStub::FunctionCaller, funcID=[24]


2018-12-18 15:08:41.945      *********************ViewServiceStub::FunctionCaller, funcID=[24]


2018-12-18 15:08:42.595      *********************ViewServiceStub::FunctionCaller, funcID=[24]


2018-12-18 15:08:45.660      *********************ViewServiceStub::FunctionCaller, funcID=[11]


2018-12-18 15:08:47.032      *********************ViewServiceStub::FunctionCaller, funcID=[11]


2018-12-18 15:08:47.168      *********************ViewServiceStub::FunctionCaller, funcID=[23]


2018-12-18 15:08:47.782      *********************ViewServiceStub::FunctionCaller, funcID=[24]


2018-12-18 15:08:48.114      *********************ViewServiceStub::FunctionCaller, funcID=[24]


2018-12-18 15:08:48.410      *********************ViewServiceStub::FunctionCaller, funcID=[24]


2018-12-18 15:08:48.705      *********************ViewServiceStub::FunctionCaller, funcID=[24]


2018-12-18 15:08:49.335      *********************ViewServiceStub::FunctionCaller, funcID=[11]


2018-12-18 15:08:49.664      [Req-File]----------[/opt/mapdata/MBA_Plus/MAP/Level01/1st5339/2nd0406/MP4213100000.mba]
2018-12-18 15:08:49.668      [Download]XXXXXXXXXX[http://10.10.87.47:8170/MBA_Plus/MAP/Level01/1st5339/2nd0406/MP4213100000.mba]
2018-12-18 15:08:49.703      [Req-File]----------[/opt/mapdata/MBA_Plus/MAP/Level01/1st5339/2nd0406/MP4213210000.mba]
2018-12-18 15:08:49.705      [Download]XXXXXXXXXX[http://10.10.87.47:8170/MBA_Plus/MAP/Level01/1st5339/2nd0406/MP4213210000.mba]
2018-12-18 15:08:49.745      [Req-File]----------[/opt/mapdata/MBA_Plus/MAP/Level01/1st5339/2nd0406/RF4213210000.mba]
2018-12-18 15:08:49.747      [Download]XXXXXXXXXX[http://10.10.87.47:8170/MBA_Plus/MAP/Level01/1st5339/2nd0406/RF4213210000.mba]
2018-12-18 15:08:49.759      [Req-File]----------[/opt/mapdata/MBA_Plus/MAP/Level01/1st5339/2nd0406/RD4213210000.mba]
2018-12-18 15:08:49.760      [Download]XXXXXXXXXX[http://10.10.87.47:8170/MBA_Plus/MAP/Level01/1st5339/2nd0406/RD4213210000.mba]
2018-12-18 15:08:49.768      [Req-File]----------[/opt/mapdata/MBA_Plus/MAP/Level01/1st5339/2nd0406/RF4213100000.mba]
2018-12-18 15:08:49.770      [Download]XXXXXXXXXX[http://10.10.87.47:8170/MBA_Plus/MAP/Level01/1st5339/2nd0406/RF4213100000.mba]
2018-12-18 15:08:49.791      [Req-File]----------[/opt/mapdata/MBA_Plus/MAP/Level01/1st5339/2nd0406/RD4213100000.mba]
2018-12-18 15:08:49.793      [Download]XXXXXXXXXX[http://10.10.87.47:8170/MBA_Plus/MAP/Level01/1st5339/2nd0406/RD4213100000.mba]
2018-12-18 15:08:51.103      *********************ViewServiceStub::FunctionCaller, funcID=[11]


2018-12-18 15:08:51.243      *********************ViewServiceStub::FunctionCaller, funcID=[23]


2018-12-18 15:08:52.052      *********************ViewServiceStub::FunctionCaller, funcID=[24]


2018-12-18 15:08:52.726      *********************ViewServiceStub::FunctionCaller, funcID=[24]


2018-12-18 15:08:53.049      *********************ViewServiceStub::FunctionCaller, funcID=[24]


2018-12-18 15:08:53.214      *********************ViewServiceStub::FunctionCaller, funcID=[24]


2018-12-18 15:09:01.456      *********************ViewServiceStub::FunctionCaller, funcID=[11]


2018-12-18 15:09:02.098      *********************ViewServiceStub::FunctionCaller, funcID=[11]


2018-12-18 15:09:02.294      *********************ViewServiceStub::FunctionCaller, funcID=[11]


2018-12-18 15:09:03.655      [Req-File]----------[/opt/mapdata/MBA_Plus/DATA/DT101/DT101000.dat]
2018-12-18 15:09:03.658      [Req-File]----------[/opt/mapdata/MBA_Plus/DATA/DT101/DT101000.dat]
2018-12-18 15:09:03.730      *********************ViewServiceStub::FunctionCaller, funcID=[11]


2018-12-18 15:09:04.003      *********************ViewServiceStub::FunctionCaller, funcID=[23]


2018-12-18 15:09:04.504      *********************ViewServiceStub::FunctionCaller, funcID=[24]


2018-12-18 15:09:05.366      *********************ViewServiceStub::FunctionCaller, funcID=[24]


2018-12-18 15:09:05.625      *********************ViewServiceStub::FunctionCaller, funcID=[24]


2018-12-18 15:09:05.856      *********************ViewServiceStub::FunctionCaller, funcID=[24]


